{"total": {"lines":{"total":293,"covered":249,"skipped":0,"pct":84.98},"statements":{"total":328,"covered":265,"skipped":0,"pct":80.79},"functions":{"total":74,"covered":67,"skipped":0,"pct":90.54},"branches":{"total":120,"covered":74,"skipped":0,"pct":61.66},"branchesTrue":{"total":0,"covered":0,"skipped":0,"pct":100}}
,"E:\\work\\dawlaby\\hooks\\useAsyncError.ts": {"lines":{"total":24,"covered":18,"skipped":0,"pct":75},"functions":{"total":6,"covered":6,"skipped":0,"pct":100},"statements":{"total":30,"covered":20,"skipped":0,"pct":66.66},"branches":{"total":18,"covered":6,"skipped":0,"pct":33.33}}
,"E:\\work\\dawlaby\\hooks\\useSyncDirectionWithLang.ts": {"lines":{"total":6,"covered":6,"skipped":0,"pct":100},"functions":{"total":2,"covered":2,"skipped":0,"pct":100},"statements":{"total":6,"covered":6,"skipped":0,"pct":100},"branches":{"total":2,"covered":2,"skipped":0,"pct":100}}
,"E:\\work\\dawlaby\\hooks\\suggestions\\useSuggestionAI.ts": {"lines":{"total":28,"covered":26,"skipped":0,"pct":92.85},"functions":{"total":6,"covered":6,"skipped":0,"pct":100},"statements":{"total":30,"covered":26,"skipped":0,"pct":86.66},"branches":{"total":14,"covered":9,"skipped":0,"pct":64.28}}
,"E:\\work\\dawlaby\\hooks\\suggestions\\useSuggestionAnimations.ts": {"lines":{"total":12,"covered":12,"skipped":0,"pct":100},"functions":{"total":6,"covered":6,"skipped":0,"pct":100},"statements":{"total":15,"covered":15,"skipped":0,"pct":100},"branches":{"total":0,"covered":0,"skipped":0,"pct":100}}
,"E:\\work\\dawlaby\\hooks\\voice\\useRecorder.ts": {"lines":{"total":38,"covered":28,"skipped":0,"pct":73.68},"functions":{"total":6,"covered":6,"skipped":0,"pct":100},"statements":{"total":43,"covered":28,"skipped":0,"pct":65.11},"branches":{"total":20,"covered":7,"skipped":0,"pct":35}}
,"E:\\work\\dawlaby\\hooks\\voice\\useVoiceAI.ts": {"lines":{"total":21,"covered":21,"skipped":0,"pct":100},"functions":{"total":8,"covered":8,"skipped":0,"pct":100},"statements":{"total":26,"covered":22,"skipped":0,"pct":84.61},"branches":{"total":8,"covered":4,"skipped":0,"pct":50}}
,"E:\\work\\dawlaby\\hooks\\voice\\useVoiceAnimations.ts": {"lines":{"total":34,"covered":25,"skipped":0,"pct":73.52},"functions":{"total":12,"covered":9,"skipped":0,"pct":75},"statements":{"total":39,"covered":30,"skipped":0,"pct":76.92},"branches":{"total":4,"covered":4,"skipped":0,"pct":100}}
,"E:\\work\\dawlaby\\utils\\errorLogger.ts": {"lines":{"total":13,"covered":13,"skipped":0,"pct":100},"functions":{"total":4,"covered":4,"skipped":0,"pct":100},"statements":{"total":15,"covered":15,"skipped":0,"pct":100},"branches":{"total":12,"covered":11,"skipped":0,"pct":91.66}}
,"E:\\work\\dawlaby\\utils\\gemini.ts": {"lines":{"total":31,"covered":28,"skipped":0,"pct":90.32},"functions":{"total":6,"covered":5,"skipped":0,"pct":83.33},"statements":{"total":34,"covered":28,"skipped":0,"pct":82.35},"branches":{"total":12,"covered":6,"skipped":0,"pct":50}}
,"E:\\work\\dawlaby\\utils\\history.ts": {"lines":{"total":27,"covered":22,"skipped":0,"pct":81.48},"functions":{"total":8,"covered":6,"skipped":0,"pct":75},"statements":{"total":29,"covered":23,"skipped":0,"pct":79.31},"branches":{"total":6,"covered":4,"skipped":0,"pct":66.66}}
,"E:\\work\\dawlaby\\utils\\i18n.ts": {"lines":{"total":33,"covered":30,"skipped":0,"pct":90.9},"functions":{"total":3,"covered":3,"skipped":0,"pct":100},"statements":{"total":34,"covered":31,"skipped":0,"pct":91.17},"branches":{"total":14,"covered":12,"skipped":0,"pct":85.71}}
,"E:\\work\\dawlaby\\utils\\normalization.ts": {"lines":{"total":12,"covered":7,"skipped":0,"pct":58.33},"functions":{"total":3,"covered":2,"skipped":0,"pct":66.66},"statements":{"total":13,"covered":8,"skipped":0,"pct":61.53},"branches":{"total":6,"covered":5,"skipped":0,"pct":83.33}}
,"E:\\work\\dawlaby\\utils\\preferences.ts": {"lines":{"total":7,"covered":7,"skipped":0,"pct":100},"functions":{"total":2,"covered":2,"skipped":0,"pct":100},"statements":{"total":7,"covered":7,"skipped":0,"pct":100},"branches":{"total":2,"covered":2,"skipped":0,"pct":100}}
,"E:\\work\\dawlaby\\utils\\profile.ts": {"lines":{"total":7,"covered":6,"skipped":0,"pct":85.71},"functions":{"total":2,"covered":2,"skipped":0,"pct":100},"statements":{"total":7,"covered":6,"skipped":0,"pct":85.71},"branches":{"total":2,"covered":2,"skipped":0,"pct":100}}
,"E:\\work\\dawlaby\\utils\\storage.ts": {"lines":{"total":0,"covered":0,"skipped":0,"pct":0},"functions":{"total":0,"covered":0,"skipped":0,"pct":0},"statements":{"total":0,"covered":0,"skipped":0,"pct":0},"branches":{"total":0,"covered":0,"skipped":0,"pct":0}}
}
