TN:
SF:hooks\useAsyncError.ts
FN:21,(anonymous_0)
FN:38,useAsyncError
FN:49,(anonymous_2)
FN:50,(anonymous_3)
FN:53,(anonymous_4)
FN:73,(anonymous_5)
FNF:6
FNH:6
FNDA:6,(anonymous_0)
FNDA:15,useAsyncError
FNDA:7,(anonymous_2)
FNDA:7,(anonymous_3)
FNDA:1,(anonymous_4)
FNDA:1,(anonymous_5)
DA:21,1
DA:22,6
DA:23,1
DA:25,5
DA:26,4
DA:27,4
DA:28,3
DA:29,2
DA:31,2
DA:42,15
DA:48,15
DA:50,7
DA:51,7
DA:52,7
DA:53,1
DA:54,1
DA:56,6
DA:57,6
DA:60,6
DA:66,6
DA:67,6
DA:73,15
DA:74,1
DA:77,15
LF:24
LH:24
BRDA:22,0,0,1
BRDA:22,0,1,5
BRDA:22,1,0,6
BRDA:22,1,1,1
BRDA:25,2,0,4
BRDA:25,2,1,1
BRDA:26,3,0,0
BRDA:26,3,1,4
BRDA:27,4,0,1
BRDA:27,4,1,3
BRDA:28,5,0,1
BRDA:28,5,1,2
BRDA:29,6,0,1
BRDA:29,6,1,1
BRDA:56,7,0,5
BRDA:56,7,1,1
BRDA:63,8,0,6
BRDA:63,8,1,6
BRF:18
BRH:17
end_of_record
TN:
SF:hooks\useSyncDirectionWithLang.ts
FN:5,(anonymous_0)
FN:9,(anonymous_1)
FNF:2
FNH:2
FNDA:3,(anonymous_0)
FNDA:3,(anonymous_1)
DA:5,2
DA:6,3
DA:7,3
DA:9,3
DA:10,3
DA:11,3
LF:6
LH:6
BRDA:11,0,0,1
BRDA:11,0,1,2
BRF:2
BRH:2
end_of_record
TN:
SF:hooks\suggestions\useSuggestionAI.ts
FN:19,useSuggestionAI
FN:32,(anonymous_1)
FN:69,(anonymous_2)
FN:76,(anonymous_3)
FN:106,(anonymous_4)
FN:110,(anonymous_5)
FNF:6
FNH:6
FNDA:2,useSuggestionAI
FNDA:1,(anonymous_1)
FNDA:2,(anonymous_2)
FNDA:1,(anonymous_3)
FNDA:2,(anonymous_4)
FNDA:2,(anonymous_5)
DA:27,2
DA:31,2
DA:33,1
DA:37,1
DA:56,1
DA:58,1
DA:59,1
DA:60,0
DA:63,1
DA:69,2
DA:70,2
DA:71,1
DA:72,1
DA:73,1
DA:76,1
DA:77,1
DA:78,1
DA:80,1
DA:81,1
DA:83,1
DA:85,1
DA:94,1
DA:106,2
DA:107,2
DA:110,2
DA:111,2
DA:112,0
DA:116,2
LF:28
LH:26
BRDA:33,0,0,1
BRDA:33,0,1,0
BRDA:59,1,0,0
BRDA:59,1,1,1
BRDA:59,2,0,1
BRDA:59,2,1,1
BRDA:70,3,0,1
BRDA:70,3,1,1
BRDA:78,4,0,0
BRDA:78,4,1,1
BRDA:81,5,0,0
BRDA:81,5,1,1
BRDA:111,6,0,0
BRDA:111,6,1,2
BRF:14
BRH:9
end_of_record
TN:
SF:hooks\suggestions\useSuggestionAnimations.ts
FN:10,useSuggestionAnimations
FN:16,(anonymous_1)
FN:28,(anonymous_2)
FN:34,(anonymous_3)
FN:38,(anonymous_4)
FN:43,(anonymous_5)
FNF:6
FNH:6
FNDA:1,useSuggestionAnimations
FNDA:1,(anonymous_1)
FNDA:1,(anonymous_2)
FNDA:1,(anonymous_3)
FNDA:1,(anonymous_4)
FNDA:1,(anonymous_5)
DA:11,1
DA:12,1
DA:13,1
DA:16,1
DA:17,1
DA:28,1
DA:29,1
DA:30,1
DA:34,1
DA:38,1
DA:43,1
DA:47,1
LF:12
LH:12
BRF:0
BRH:0
end_of_record
TN:
SF:hooks\voice\useRecorder.ts
FN:13,useRecorder
FN:23,(anonymous_1)
FN:33,(anonymous_2)
FN:34,(anonymous_3)
FN:39,(anonymous_4)
FN:57,(anonymous_5)
FNF:6
FNH:6
FNDA:2,useRecorder
FNDA:2,(anonymous_1)
FNDA:2,(anonymous_2)
FNDA:2,(anonymous_3)
FNDA:1,(anonymous_4)
FNDA:1,(anonymous_5)
DA:20,2
DA:23,2
DA:24,2
DA:25,2
DA:26,0
DA:33,2
DA:34,2
DA:35,2
DA:39,2
DA:40,1
DA:41,1
DA:42,1
DA:43,0
DA:44,0
DA:46,1
DA:47,1
DA:48,1
DA:51,0
DA:52,0
DA:53,0
DA:57,2
DA:58,1
DA:59,1
DA:60,1
DA:62,1
DA:63,1
DA:64,1
DA:66,1
DA:67,1
DA:68,1
DA:70,1
DA:71,1
DA:73,1
DA:75,0
DA:76,0
DA:77,0
DA:78,0
DA:82,2
LF:38
LH:28
BRDA:25,0,0,0
BRDA:25,0,1,2
BRDA:42,1,0,0
BRDA:42,1,1,1
BRDA:51,2,0,0
BRDA:51,2,1,0
BRDA:59,3,0,0
BRDA:59,3,1,1
BRDA:64,4,0,0
BRDA:64,4,1,1
BRDA:66,5,0,1
BRDA:66,5,1,0
BRDA:70,6,0,0
BRDA:70,6,1,1
BRDA:71,7,0,0
BRDA:71,7,1,1
BRDA:75,8,0,0
BRDA:75,8,1,0
BRDA:76,9,0,0
BRDA:76,9,1,0
BRF:20
BRH:7
end_of_record
TN:
SF:hooks\voice\useVoiceAI.ts
FN:12,(anonymous_0)
FN:45,useVoiceAI
FN:60,(anonymous_2)
FN:77,(anonymous_3)
FN:78,(anonymous_4)
FN:85,(anonymous_5)
FN:86,(anonymous_6)
FN:108,(anonymous_7)
FNF:8
FNH:8
FNDA:2,(anonymous_0)
FNDA:2,useVoiceAI
FNDA:2,(anonymous_2)
FNDA:1,(anonymous_3)
FNDA:1,(anonymous_4)
FNDA:1,(anonymous_5)
FNDA:1,(anonymous_6)
FNDA:2,(anonymous_7)
DA:12,1
DA:13,2
DA:53,2
DA:59,2
DA:61,2
DA:62,2
DA:64,2
DA:69,2
DA:70,2
DA:71,2
DA:76,2
DA:78,1
DA:84,2
DA:86,1
DA:87,1
DA:99,1
DA:100,1
DA:101,1
DA:108,2
DA:109,2
DA:112,2
LF:21
LH:21
BRDA:61,0,0,0
BRDA:61,0,1,2
BRDA:69,1,0,0
BRDA:69,1,1,2
BRDA:99,2,0,0
BRDA:99,2,1,1
BRDA:109,3,0,0
BRDA:109,3,1,2
BRF:8
BRH:4
end_of_record
TN:
SF:hooks\voice\useVoiceAnimations.ts
FN:14,useVoiceAnimations
FN:22,(anonymous_1)
FN:39,(anonymous_2)
FN:53,(anonymous_3)
FN:59,(anonymous_4)
FN:68,(anonymous_5)
FN:72,(anonymous_6)
FN:78,(anonymous_7)
FN:79,(anonymous_8)
FN:80,(anonymous_9)
FN:83,(anonymous_10)
FN:86,(anonymous_11)
FNF:12
FNH:9
FNDA:3,useVoiceAnimations
FNDA:3,(anonymous_1)
FNDA:3,(anonymous_2)
FNDA:1,(anonymous_3)
FNDA:0,(anonymous_4)
FNDA:0,(anonymous_5)
FNDA:0,(anonymous_6)
FNDA:3,(anonymous_7)
FNDA:3,(anonymous_8)
FNDA:3,(anonymous_9)
FNDA:3,(anonymous_10)
FNDA:3,(anonymous_11)
DA:15,3
DA:16,3
DA:17,3
DA:18,3
DA:19,3
DA:22,3
DA:23,3
DA:24,1
DA:33,2
DA:34,2
DA:39,3
DA:40,3
DA:53,3
DA:54,1
DA:55,1
DA:56,1
DA:59,3
DA:60,0
DA:61,0
DA:62,0
DA:63,0
DA:64,0
DA:65,0
DA:68,3
DA:69,0
DA:72,3
DA:73,0
DA:74,0
DA:78,3
DA:79,3
DA:80,3
DA:83,3
DA:86,3
DA:90,3
LF:34
LH:25
BRDA:23,0,0,1
BRDA:23,0,1,2
BRDA:23,1,0,3
BRDA:23,1,1,2
BRF:4
BRH:4
end_of_record
TN:
SF:utils\errorLogger.ts
FN:16,(anonymous_0)
FN:33,(anonymous_1)
FN:61,(anonymous_2)
FN:66,(anonymous_3)
FNF:4
FNH:4
FNDA:5,(anonymous_0)
FNDA:5,(anonymous_1)
FNDA:1,(anonymous_2)
FNDA:1,(anonymous_3)
DA:16,2
DA:21,5
DA:22,5
DA:31,2
DA:39,5
DA:40,5
DA:51,5
DA:52,4
DA:53,4
DA:54,4
DA:55,4
DA:56,4
DA:62,1
DA:67,1
LF:14
LH:14
BRDA:19,0,0,0
BRDA:23,1,0,4
BRDA:23,1,1,1
BRDA:24,2,0,4
BRDA:24,2,1,1
BRDA:36,3,0,0
BRDA:37,4,0,2
BRDA:39,5,0,5
BRDA:39,5,1,0
BRDA:51,6,0,4
BRDA:51,6,1,1
BRDA:54,7,0,3
BRDA:54,7,1,1
BRDA:55,8,0,4
BRDA:55,8,1,0
BRF:15
BRH:11
end_of_record
TN:
SF:utils\gemini.ts
FN:8,(anonymous_0)
FN:18,(anonymous_1)
FN:49,(anonymous_2)
FN:60,(anonymous_3)
FN:66,(anonymous_4)
FN:81,(anonymous_5)
FNF:6
FNH:5
FNDA:2,(anonymous_0)
FNDA:3,(anonymous_1)
FNDA:1,(anonymous_2)
FNDA:2,(anonymous_3)
FNDA:0,(anonymous_4)
FNDA:1,(anonymous_5)
DA:5,1
DA:8,1
DA:9,2
DA:13,2
DA:14,2
DA:15,2
DA:18,1
DA:23,3
DA:24,3
DA:37,2
DA:38,2
DA:39,2
DA:40,2
DA:41,2
DA:43,1
DA:44,1
DA:49,1
DA:54,1
DA:60,1
DA:61,2
DA:66,1
DA:71,0
DA:81,1
DA:86,1
DA:87,1
DA:99,1
DA:100,1
DA:101,1
DA:102,1
DA:104,0
DA:105,0
LF:31
LH:28
BRDA:14,0,0,0
BRDA:14,0,1,2
BRDA:21,1,0,1
BRDA:39,2,0,0
BRDA:39,2,1,2
BRDA:43,3,0,1
BRDA:43,3,1,0
BRDA:84,4,0,1
BRDA:101,5,0,0
BRDA:101,5,1,1
BRDA:104,6,0,0
BRDA:104,6,1,0
BRF:12
BRH:6
end_of_record
TN:
SF:utils\history.ts
FN:7,(anonymous_0)
FN:23,(anonymous_1)
FN:32,(anonymous_2)
FN:37,(anonymous_3)
FN:42,(anonymous_4)
FN:44,(anonymous_5)
FN:48,(anonymous_6)
FN:51,(anonymous_7)
FNF:8
FNH:7
FNDA:5,(anonymous_0)
FNDA:9,(anonymous_1)
FNDA:1,(anonymous_2)
FNDA:0,(anonymous_3)
FNDA:1,(anonymous_4)
FNDA:1,(anonymous_5)
FNDA:1,(anonymous_6)
FNDA:6,(anonymous_7)
DA:7,4
DA:8,5
DA:9,5
DA:10,5
DA:15,5
DA:16,5
DA:17,5
DA:19,0
DA:23,4
DA:24,9
DA:25,9
DA:26,9
DA:28,0
DA:32,4
DA:35,1
DA:36,1
DA:37,1
DA:39,0
DA:42,4
DA:43,1
DA:44,1
DA:45,1
DA:48,4
DA:49,1
DA:51,4
DA:52,6
DA:54,6
LF:27
LH:24
BRDA:26,0,0,4
BRDA:26,0,1,5
BRDA:37,1,0,1
BRDA:37,1,1,1
BRDA:52,2,0,0
BRDA:52,2,1,6
BRF:6
BRH:5
end_of_record
TN:
SF:utils\i18n.ts
FN:19,(anonymous_0)
FN:24,(anonymous_1)
FN:57,(anonymous_2)
FNF:3
FNH:3
FNDA:2,(anonymous_0)
FNDA:2,(anonymous_1)
FNDA:3,(anonymous_2)
DA:10,2
DA:12,2
DA:14,2
DA:19,2
DA:20,2
DA:21,2
DA:24,2
DA:25,2
DA:27,2
DA:28,2
DA:29,2
DA:30,1
DA:33,0
DA:36,2
DA:38,2
DA:39,1
DA:40,1
DA:42,2
DA:52,2
DA:54,2
DA:57,2
DA:58,3
DA:60,2
DA:61,2
DA:62,2
DA:64,2
DA:66,2
DA:67,1
DA:68,1
DA:69,1
DA:72,1
DA:74,0
DA:75,0
LF:33
LH:30
BRDA:21,0,0,2
BRDA:21,0,1,0
BRDA:21,1,0,2
BRDA:21,1,1,0
BRDA:29,2,0,1
BRDA:29,2,1,1
BRDA:29,3,0,2
BRDA:29,3,1,1
BRDA:38,4,0,1
BRDA:38,4,1,1
BRDA:58,5,0,1
BRDA:58,5,1,2
BRDA:66,6,0,1
BRDA:66,6,1,1
BRF:14
BRH:12
end_of_record
TN:
SF:utils\normalization.ts
FN:4,(anonymous_0)
FN:14,(anonymous_1)
FN:21,(anonymous_2)
FNF:3
FNH:2
FNDA:0,(anonymous_0)
FNDA:3,(anonymous_1)
FNDA:4,(anonymous_2)
DA:4,2
DA:5,0
DA:6,0
DA:7,0
DA:9,0
DA:10,0
DA:14,2
DA:17,3
DA:18,2
DA:21,2
DA:22,4
DA:23,4
LF:12
LH:7
BRDA:17,0,0,1
BRDA:17,0,1,2
BRDA:18,1,0,1
BRDA:18,1,1,1
BRDA:23,2,0,4
BRDA:23,2,1,0
BRF:6
BRH:5
end_of_record
TN:
SF:utils\preferences.ts
FN:5,(anonymous_0)
FN:14,(anonymous_1)
FNF:2
FNH:2
FNDA:3,(anonymous_0)
FNDA:1,(anonymous_1)
DA:5,1
DA:6,3
DA:7,3
DA:8,2
DA:10,1
DA:14,1
DA:15,1
LF:7
LH:7
BRDA:8,0,0,1
BRDA:8,0,1,1
BRF:2
BRH:2
end_of_record
TN:
SF:utils\profile.ts
FN:5,(anonymous_0)
FN:13,(anonymous_1)
FNF:2
FNH:2
FNDA:2,(anonymous_0)
FNDA:1,(anonymous_1)
DA:5,1
DA:6,2
DA:7,2
DA:8,2
DA:10,0
DA:13,1
DA:14,1
LF:7
LH:6
BRDA:8,0,0,1
BRDA:8,0,1,1
BRF:2
BRH:2
end_of_record
TN:
SF:utils\storage.ts
FNF:0
FNH:0
LF:0
LH:0
BRF:0
BRH:0
end_of_record
